# Check configuration tokens
# Ensure build layout
# Check configuration tokens
# Preparing build
# Check requirements for android
# Search for Git (git)
#  -> found at /data/data/com.termux/files/usr/libexec/git-core/git
# Search for Cython (cython)
#  -> found at /data/data/com.termux/files/usr/bin/cython
# Search for Java compiler (javac)
#  -> found at /usr/lib/jvm/java-21-openjdk/bin/javac
# Search for Java keytool (keytool)
#  -> found at /usr/lib/jvm/java-21-openjdk/bin/keytool
# Install platform
# Run ['git', 'config', '--get', 'remote.origin.url']
# Cwd /home/APEX_CORE/.buildozer/android/platform/python-for-android
https://github.com/kivy/python-for-android.git
# Run ['git', 'branch', '-vv']
# Cwd /home/APEX_CORE/.buildozer/android/platform/python-for-android
* master 957a3e5f [origin/master] Merge pull request #2959 from kivy/release-2024.01.21
# Run ['/data/data/com.termux/files/usr/bin/python3.12', '-m', 'pip', 'install', '-q', '--user', 'appdirs', 'colorama>=0.3.3', 'jinja2', 'sh>=1.10, <2.0; sys_platform!="win32"', 'build', 'toml', 'packaging', 'setuptools']
# Cwd None
# Apache ANT found at /home/.buildozer/android/platform/apache-ant-1.9.4
# Android SDK found at /home/.buildozer/android/platform/android-sdk
# Recommended android's NDK version by p4a is: 25b
# Android NDK found at /home/.buildozer/android/platform/android-ndk-r25b
# Run ['/data/data/com.termux/files/usr/bin/python3.12', '-m', 'pythonforandroid.toolchain', 'aab', '-h', '--color=always', '--storage-dir=/home/APEX_CORE/.buildozer/android/platform/build-arm64-v8a', '--ndk-api=21', '--ignore-setup-py', '--debug']
# Cwd /home/APEX_CORE/.buildozer/android/platform/python-for-android
[WARNING]: prerequisites.py is experimental and does not support all prerequisites yet.
[WARNING]: Please report any issues to the python-for-android issue tracker.
[WARNING]: prerequisites.py is experimental and does not support all prerequisites yet.
[WARNING]: Please report any issues to the python-for-android issue tracker.
usage: toolchain.py aab [-h] [--debug] [--color {always,never,auto}]
                        [--sdk-dir SDK_DIR] [--ndk-dir NDK_DIR]
                        [--android-api ANDROID_API]
                        [--ndk-version NDK_VERSION] [--ndk-api NDK_API]
                        [--symlink-bootstrap-files]
                        [--storage-dir STORAGE_DIR] [--arch ARCH]
                        [--dist-name DIST_NAME] [--requirements REQUIREMENTS]
                        [--recipe-blacklist RECIPE_BLACKLIST]
                        [--blacklist-requirements BLACKLIST_REQUIREMENTS]
                        [--bootstrap BOOTSTRAP] [--hook HOOK] [--force-build]
                        [--no-force-build] [--require-perfect-match]
                        [--no-require-perfect-match] [--allow-replace-dist]
                        [--no-allow-replace-dist]
                        [--local-recipes LOCAL_RECIPES]
                        [--activity-class-name ACTIVITY_CLASS_NAME]
                        [--service-class-name SERVICE_CLASS_NAME]
                        [--java-build-tool {auto,ant,gradle}] [--copy-libs]
                        [--no-copy-libs] [--add-asset ASSETS]
                        [--add-resource RESOURCES] [--private PRIVATE]
                        [--use-setup-py] [--ignore-setup-py] [--release]
                        [--with-debug-symbols] [--keystore KEYSTORE]
                        [--signkey SIGNKEY] [--keystorepw KEYSTOREPW]
                        [--signkeypw SIGNKEYPW]

options:
  -h, --help            show this help message and exit
  --debug               Display debug output and all build info
  --color {always,never,auto}
                        Enable or disable color output (default enabled on
                        tty)
  --sdk-dir SDK_DIR, --sdk_dir SDK_DIR
                        The filepath where the Android SDK is installed
  --ndk-dir NDK_DIR, --ndk_dir NDK_DIR
                        The filepath where the Android NDK is installed
  --android-api ANDROID_API, --android_api ANDROID_API
                        The Android API level to build against defaults to 33
                        if not specified.
  --ndk-version NDK_VERSION, --ndk_version NDK_VERSION
                        DEPRECATED: the NDK version is now found automatically
                        or not at all.
  --ndk-api NDK_API     The Android API level to compile against. This should
                        be your *minimal supported* API, not normally the same
                        as your --android-api. Defaults to min(ANDROID_API,
                        21) if not specified.
  --symlink-bootstrap-files, --ssymlink_bootstrap_files
                        If True, symlinks the bootstrap files creation. This
                        is useful for development only, it could also cause
                        weird problems.
  --storage-dir STORAGE_DIR
                        Primary storage directory for downloads and builds
                        (default: /home/.local/share/python-for-android)
  --arch ARCH           The archs to build for.
  --dist-name DIST_NAME, --dist_name DIST_NAME
                        The name of the distribution to use or create
  --requirements REQUIREMENTS
                        Dependencies of your app, should be recipe names or
                        Python modules. NOT NECESSARY if you are using Python
                        3 with --use-setup-py
  --recipe-blacklist RECIPE_BLACKLIST
                        Blacklist an internal recipe from use. Allows
                        disabling Python 3 core modules to save size
  --blacklist-requirements BLACKLIST_REQUIREMENTS
                        Blacklist an internal recipe from use. Allows
                        disabling Python 3 core modules to save size
  --bootstrap BOOTSTRAP
                        The bootstrap to build with. Leave unset to choose
                        automatically.
  --hook HOOK           Filename to a module that contains python-for-android
                        hooks
  --local-recipes LOCAL_RECIPES, --local_recipes LOCAL_RECIPES
                        Directory to look for local recipes
  --activity-class-name ACTIVITY_CLASS_NAME
                        The full java class name of the main activity
  --service-class-name SERVICE_CLASS_NAME
                        Full java package name of the PythonService class
  --java-build-tool {auto,ant,gradle}
                        The java build tool to use when packaging the APK,
                        defaults to automatically selecting an appropriate
                        tool.
  --add-asset ASSETS    Put this in the assets folder in the apk.
  --add-resource RESOURCES
                        Put this in the res folder in the apk.
  --private PRIVATE     the directory with the app source code files
                        (containing your main.py entrypoint)
  --use-setup-py        Process the setup.py of a project if present.
                        (Experimental!
  --ignore-setup-py     Don't run the setup.py of a project if present. This
                        may be required if the setup.py is not designed to
                        work inside p4a (e.g. by installing dependencies that
                        won't work or aren't desired on Android
  --release             Build your app as a non-debug release build. (Disables
                        gdb debugging among other things)
  --with-debug-symbols  Will keep debug symbols from `.so` files.
  --keystore KEYSTORE   Keystore for JAR signing key, will use jarsigner
                        default if not specified (release build only)
  --signkey SIGNKEY     Key alias to sign PARSER_APK. with (release build
                        only)
  --keystorepw KEYSTOREPW
                        Password for keystore
  --signkeypw SIGNKEYPW
                        Password for key alias

  Whether to force compilation of a new distribution

  --force-build
  --no-force-build      (this is the default)
  --require-perfect-match
  --no-require-perfect-match
                        (this is the default)
  --allow-replace-dist  (this is the default)
  --no-allow-replace-dist
  --copy-libs
  --no-copy-libs        (this is the default)
# Check application requirements
# Compile platform
# Run ['/data/data/com.termux/files/usr/bin/python3.12', '-m', 'pythonforandroid.toolchain', 'create', '--dist_name=apex600_seed', '--bootstrap=sdl2', '--requirements=python3,kivy,requests,certifi', '--arch=arm64-v8a', '--copy-libs', '--color=always', '--storage-dir=/home/APEX_CORE/.buildozer/android/platform/build-arm64-v8a', '--ndk-api=21', '--ignore-setup-py', '--debug']
# Cwd /home/APEX_CORE/.buildozer/android/platform/python-for-android
[WARNING]: prerequisites.py is experimental and does not support all prerequisites yet.
[WARNING]: Please report any issues to the python-for-android issue tracker.
[WARNING]: prerequisites.py is experimental and does not support all prerequisites yet.
[WARNING]: Please report any issues to the python-for-android issue tracker.
[1m[INFO][0m:    Will compile for the following archs: arm64-v8a
[1m[INFO][0m:    Found Android API target in $ANDROIDAPI: 31
[1m[INFO][0m:    Available Android APIs are (31)
[1m[INFO][0m:    Requested API target 31 is available, continuing.
[1m[INFO][0m:    Found NDK dir in $ANDROIDNDK: /home/.buildozer/android/platform/android-ndk-r25b
[1m[INFO][0m:    Found NDK version 25b
[1m[INFO][0m:    Getting NDK API version (i.e. minimum supported API) from user argument
[1m[INFO][0m:    ccache is missing, the build will not be optimized in the future.
[1m[90m[DEBUG][39m[0m:   All possible dists: []
[1m[90m[DEBUG][39m[0m:   Dist matching name and arch: []
[1m[90m[DEBUG][39m[0m:   Dist matching ndk_api and recipe: []
[1m[INFO][0m:    No existing dists meet the given requirements!
[1m[90m[DEBUG][39m[0m:   Remove directory and subdirectory /home/APEX_CORE/.buildozer/android/platform/build-arm64-v8a/dists/apex600_seed
[1m[INFO][0m:    [1m[94mNo dist exists that meets your requirements, so one will be built.[0m
[1m[INFO][0m:    Found a single valid recipe set: ['certifi', 'hostpython3', 'libffi', 'openssl', 'requests', 'sdl2_image', 'sdl2_mixer', 'sdl2_ttf', 'sqlite3', 'python3', 'sdl2', 'setuptools', 'six', 'pyjnius', 'android', 'kivy']
[1m[INFO][0m:    The selected bootstrap is sdl2
[1m[INFO][0m:    [1m[32m# Creating dist with sdl2 bootstrap[0m[39m
[1m[INFO][0m:    [1m[94mDist will have name apex600_seed and requirements (python3, kivy, requests, certifi)[0m
[1m[INFO][0m:    Dist contains the following requirements as recipes: ['hostpython3', 'libffi', 'openssl', 'sdl2_image', 'sdl2_mixer', 'sdl2_ttf', 'sqlite3', 'python3', 'sdl2', 'setuptools', 'six', 'pyjnius', 'android', 'kivy']
[1m[INFO][0m:    Dist will also contain modules (urllib3, chardet, requests, certifi, idna) installed from pip
[1m[INFO][0m:    Dist will be build in mode debug
[1m[INFO][0m:    [36m-> directory context /home/APEX_CORE/.buildozer/android/platform/build-arm64-v8a/build/bootstrap_builds/sdl2[39m
[1m[INFO][0m:    [36m<- directory context /home/APEX_CORE/.buildozer/android/platform/python-for-android[39m
[1m[90m[DEBUG][39m[0m:   Create directory /home/APEX_CORE/.buildozer/android/platform/build-arm64-v8a/dists/apex600_seed
[1m[INFO][0m:    [1m[94mRecipe build order is ['hostpython3', 'libffi', 'openssl', 'sdl2_image', 'sdl2_mixer', 'sdl2_ttf', 'sqlite3', 'python3', 'sdl2', 'setuptools', 'six', 'pyjnius', 'android', 'kivy'][0m
[1m[INFO][0m:    [1m[94mThe requirements (certifi, chardet, idna, requests, urllib3) were not found as recipes, they will be installed with pip.[0m
[1m[INFO][0m:    [1m[32m# Downloading recipes [0m[39m
[1m[INFO][0m:    [1m[32mDownloading hostpython3[0m[39m
[1m[INFO][0m:    [36m-> directory context /home/APEX_CORE/.buildozer/android/platform/build-arm64-v8a/packages/hostpython3[39m
[1m[90m[DEBUG][39m[0m:   [90m->[0m running basename https://www.python.org/ftp/python/3.11.5/Python-3.11.5.tgz[0m
[1m[90m[DEBUG][39m[0m:   	Python-3.11.5.tgz
[1m[INFO][0m:    hostpython3 download already cached, skipping
[1m[INFO][0m:    [36m<- directory context /home/APEX_CORE/.buildozer/android/platform/python-for-android[39m
[1m[INFO][0m:    [1m[32mDownloading libffi[0m[39m
[1m[INFO][0m:    [36m-> directory context /home/APEX_CORE/.buildozer/android/platform/build-arm64-v8a/packages/libffi[39m
[1m[90m[DEBUG][39m[0m:   [90m->[0m running basename https://github.com/libffi/libffi/archive/v3.4.2.tar.gz[0m
[1m[90m[DEBUG][39m[0m:   	v3.4.2.tar.gz
[1m[INFO][0m:    libffi download already cached, skipping
[1m[INFO][0m:    [36m<- directory context /home/APEX_CORE/.buildozer/android/platform/python-for-android[39m
[1m[INFO][0m:    [1m[32mDownloading openssl[0m[39m
[1m[INFO][0m:    [36m-> directory context /home/APEX_CORE/.buildozer/android/platform/build-arm64-v8a/packages/openssl[39m
[1m[90m[DEBUG][39m[0m:   [90m->[0m running basename https://www.openssl.org/source/openssl-1.1.1w.tar.gz[0m
[1m[90m[DEBUG][39m[0m:   	openssl-1.1.1w.tar.gz
[1m[INFO][0m:    openssl download already cached, skipping
[1m[INFO][0m:    [36m<- directory context /home/APEX_CORE/.buildozer/android/platform/python-for-android[39m
[1m[INFO][0m:    [1m[32mDownloading sdl2_image[0m[39m
[1m[INFO][0m:    [36m-> directory context /home/APEX_CORE/.buildozer/android/platform/build-arm64-v8a/packages/sdl2_image[39m
[1m[90m[DEBUG][39m[0m:   [90m->[0m running basename https://github.com/libsdl-org/SDL_image/releases/download/release-2.8.0/SDL2_image-2.8.0.tar.gz[0m
[1m[90m[DEBUG][39m[0m:   	SDL2_image-2.8.0.tar.gz
[1m[INFO][0m:    sdl2_image download already cached, skipping
[1m[INFO][0m:    [36m<- directory context /home/APEX_CORE/.buildozer/android/platform/python-for-android[39m
[1m[INFO][0m:    [1m[32mDownloading sdl2_mixer[0m[39m
[1m[INFO][0m:    [36m-> directory context /home/APEX_CORE/.buildozer/android/platform/build-arm64-v8a/packages/sdl2_mixer[39m
[1m[90m[DEBUG][39m[0m:   [90m->[0m running basename https://github.com/libsdl-org/SDL_mixer/releases/download/release-2.6.3/SDL2_mixer-2.6.3.tar.gz[0m
[1m[90m[DEBUG][39m[0m:   	SDL2_mixer-2.6.3.tar.gz
[1m[INFO][0m:    sdl2_mixer download already cached, skipping
[1m[INFO][0m:    [36m<- directory context /home/APEX_CORE/.buildozer/android/platform/python-for-android[39m
[1m[INFO][0m:    [1m[32mDownloading sdl2_ttf[0m[39m
[1m[INFO][0m:    [36m-> directory context /home/APEX_CORE/.buildozer/android/platform/build-arm64-v8a/packages/sdl2_ttf[39m
[1m[90m[DEBUG][39m[0m:   [90m->[0m running basename https://github.com/libsdl-org/SDL_ttf/releases/download/release-2.20.2/SDL2_ttf-2.20.2.tar.gz[0m
[1m[90m[DEBUG][39m[0m:   	SDL2_ttf-2.20.2.tar.gz
[1m[INFO][0m:    sdl2_ttf download already cached, skipping
[1m[INFO][0m:    [36m<- directory context /home/APEX_CORE/.buildozer/android/platform/python-for-android[39m
[1m[INFO][0m:    [1m[32mDownloading sqlite3[0m[39m
[1m[INFO][0m:    [36m-> directory context /home/APEX_CORE/.buildozer/android/platform/build-arm64-v8a/packages/sqlite3[39m
[1m[90m[DEBUG][39m[0m:   [90m->[0m running basename https://www.sqlite.org/2021/sqlite-amalgamation-3350500.zip[0m
[1m[90m[DEBUG][39m[0m:   	sqlite-amalgamation-3350500.zip
[1m[INFO][0m:    sqlite3 download already cached, skipping
[1m[INFO][0m:    [36m<- directory context /home/APEX_CORE/.buildozer/android/platform/python-for-android[39m
[1m[INFO][0m:    [1m[32mDownloading python3[0m[39m
[1m[INFO][0m:    [36m-> directory context /home/APEX_CORE/.buildozer/android/platform/build-arm64-v8a/packages/python3[39m
[1m[90m[DEBUG][39m[0m:   [90m->[0m running basename https://www.python.org/ftp/python/3.11.5/Python-3.11.5.tgz[0m
[1m[90m[DEBUG][39m[0m:   	Python-3.11.5.tgz
[1m[INFO][0m:    python3 download already cached, skipping
[1m[INFO][0m:    [36m<- directory context /home/APEX_CORE/.buildozer/android/platform/python-for-android[39m
[1m[INFO][0m:    [1m[32mDownloading sdl2[0m[39m
[1m[INFO][0m:    [36m-> directory context /home/APEX_CORE/.buildozer/android/platform/build-arm64-v8a/packages/sdl2[39m
[1m[90m[DEBUG][39m[0m:   [90m->[0m running basename https://github.com/libsdl-org/SDL/releases/download/release-2.28.5/SDL2-2.28.5.tar.gz[0m
[1m[90m[DEBUG][39m[0m:   	SDL2-2.28.5.tar.gz
[1m[INFO][0m:    sdl2 download already cached, skipping
[1m[INFO][0m:    [36m<- directory context /home/APEX_CORE/.buildozer/android/platform/python-for-android[39m
[1m[INFO][0m:    [1m[32mDownloading setuptools[0m[39m
[1m[INFO][0m:    [36m-> directory context /home/APEX_CORE/.buildozer/android/platform/build-arm64-v8a/packages/setuptools[39m
[1m[90m[DEBUG][39m[0m:   [90m->[0m running basename https://pypi.python.org/packages/source/s/setuptools/setuptools-51.3.3.tar.gz[0m
[1m[90m[DEBUG][39m[0m:   	setuptools-51.3.3.tar.gz
[1m[INFO][0m:    setuptools download already cached, skipping
[1m[INFO][0m:    [36m<- directory context /home/APEX_CORE/.buildozer/android/platform/python-for-android[39m
[1m[INFO][0m:    [1m[32mDownloading six[0m[39m
[1m[INFO][0m:    [36m-> directory context /home/APEX_CORE/.buildozer/android/platform/build-arm64-v8a/packages/six[39m
[1m[90m[DEBUG][39m[0m:   [90m->[0m running basename https://pypi.python.org/packages/source/s/six/six-1.15.0.tar.gz[0m
[1m[90m[DEBUG][39m[0m:   	six-1.15.0.tar.gz
[1m[INFO][0m:    six download already cached, skipping
[1m[INFO][0m:    [36m<- directory context /home/APEX_CORE/.buildozer/android/platform/python-for-android[39m
[1m[INFO][0m:    [1m[32mDownloading pyjnius[0m[39m
[1m[INFO][0m:    [36m-> directory context /home/APEX_CORE/.buildozer/android/platform/build-arm64-v8a/packages/pyjnius[39m
[1m[90m[DEBUG][39m[0m:   [90m->[0m running basename https://github.com/kivy/pyjnius/archive/1.6.1.zip[0m
[1m[90m[DEBUG][39m[0m:   	1.6.1.zip
[1m[INFO][0m:    pyjnius download already cached, skipping
[1m[INFO][0m:    [36m<- directory context /home/APEX_CORE/.buildozer/android/platform/python-for-android[39m
[1m[INFO][0m:    [1m[32mDownloading android[0m[39m
[1m[INFO][0m:    Skipping android download as no URL is set
[1m[INFO][0m:    [1m[32mDownloading kivy[0m[39m
[1m[INFO][0m:    [36m-> directory context /home/APEX_CORE/.buildozer/android/platform/build-arm64-v8a/packages/kivy[39m
[1m[90m[DEBUG][39m[0m:   [90m->[0m running basename https://github.com/kivy/kivy/archive/2.3.0.zip[0m
[1m[90m[DEBUG][39m[0m:   	2.3.0.zip
[1m[INFO][0m:    kivy download already cached, skipping
[1m[INFO][0m:    [36m<- directory context /home/APEX_CORE/.buildozer/android/platform/python-for-android[39m
[1m[INFO][0m:    [1m[32m# Building all recipes for arch arm64-v8a[0m[39m
[1m[INFO][0m:    [1m[32m# Unpacking recipes[0m[39m
[1m[INFO][0m:    [1m[32mUnpacking hostpython3 for arm64-v8a[0m[39m
[1m[90m[DEBUG][39m[0m:   [90m->[0m running basename https://www.python.org/ftp/python/3.11.5/Python-3.11.5.tgz[0m
[1m[90m[DEBUG][39m[0m:   	Python-3.11.5.tgz
[1m[INFO][0m:    [36m-> directory context /home/APEX_CORE/.buildozer/android/platform/build-arm64-v8a/build/other_builds/hostpython3/desktop[39m
[1m[INFO][0m:    hostpython3 is already unpacked, skipping
[1m[INFO][0m:    [36m<- directory context /home/APEX_CORE/.buildozer/android/platform/python-for-android[39m
[1m[INFO][0m:    [1m[32mUnpacking libffi for arm64-v8a[0m[39m
[1m[90m[DEBUG][39m[0m:   [90m->[0m running basename https://github.com/libffi/libffi/archive/v3.4.2.tar.gz[0m
[1m[90m[DEBUG][39m[0m:   	v3.4.2.tar.gz
[1m[INFO][0m:    [36m-> directory context /home/APEX_CORE/.buildozer/android/platform/build-arm64-v8a/build/other_builds/libffi/arm64-v8a__ndk_target_21[39m
[1m[INFO][0m:    libffi is already unpacked, skipping
[1m[INFO][0m:    [36m<- directory context /home/APEX_CORE/.buildozer/android/platform/python-for-android[39m
[1m[INFO][0m:    [1m[32mUnpacking openssl for arm64-v8a[0m[39m
[1m[90m[DEBUG][39m[0m:   [90m->[0m running basename https://www.openssl.org/source/openssl-1.1.1w.tar.gz[0m
[1m[90m[DEBUG][39m[0m:   	openssl-1.1.1w.tar.gz
[1m[INFO][0m:    [36m-> directory context /home/APEX_CORE/.buildozer/android/platform/build-arm64-v8a/build/other_builds/openssl/arm64-v8a__ndk_target_21[39m
[1m[INFO][0m:    openssl is already unpacked, skipping
[1m[INFO][0m:    [36m<- directory context /home/APEX_CORE/.buildozer/android/platform/python-for-android[39m
[1m[INFO][0m:    [1m[32mUnpacking sdl2_image for arm64-v8a[0m[39m
[1m[90m[DEBUG][39m[0m:   [90m->[0m running basename https://github.com/libsdl-org/SDL_image/releases/download/release-2.8.0/SDL2_image-2.8.0.tar.gz[0m
[1m[90m[DEBUG][39m[0m:   	SDL2_image-2.8.0.tar.gz
[1m[INFO][0m:    [36m-> directory context /home/APEX_CORE/.buildozer/android/platform/build-arm64-v8a/build/bootstrap_builds/sdl2/jni[39m
[1m[INFO][0m:    sdl2_image is already unpacked, skipping
[1m[INFO][0m:    [36m<- directory context /home/APEX_CORE/.buildozer/android/platform/python-for-android[39m
[1m[INFO][0m:    [1m[32mUnpacking sdl2_mixer for arm64-v8a[0m[39m
[1m[90m[DEBUG][39m[0m:   [90m->[0m running basename https://github.com/libsdl-org/SDL_mixer/releases/download/release-2.6.3/SDL2_mixer-2.6.3.tar.gz[0m
[1m[90m[DEBUG][39m[0m:   	SDL2_mixer-2.6.3.tar.gz
[1m[INFO][0m:    [36m-> directory context /home/APEX_CORE/.buildozer/android/platform/build-arm64-v8a/build/bootstrap_builds/sdl2/jni[39m
[1m[INFO][0m:    sdl2_mixer is already unpacked, skipping
[1m[INFO][0m:    [36m<- directory context /home/APEX_CORE/.buildozer/android/platform/python-for-android[39m
[1m[INFO][0m:    [1m[32mUnpacking sdl2_ttf for arm64-v8a[0m[39m
[1m[90m[DEBUG][39m[0m:   [90m->[0m running basename https://github.com/libsdl-org/SDL_ttf/releases/download/release-2.20.2/SDL2_ttf-2.20.2.tar.gz[0m
[1m[90m[DEBUG][39m[0m:   	SDL2_ttf-2.20.2.tar.gz
[1m[INFO][0m:    [36m-> directory context /home/APEX_CORE/.buildozer/android/platform/build-arm64-v8a/build/bootstrap_builds/sdl2/jni[39m
[1m[INFO][0m:    sdl2_ttf is already unpacked, skipping
[1m[INFO][0m:    [36m<- directory context /home/APEX_CORE/.buildozer/android/platform/python-for-android[39m
[1m[INFO][0m:    [1m[32mUnpacking sqlite3 for arm64-v8a[0m[39m
[1m[90m[DEBUG][39m[0m:   [90m->[0m running basename https://www.sqlite.org/2021/sqlite-amalgamation-3350500.zip[0m
[1m[90m[DEBUG][39m[0m:   	sqlite-amalgamation-3350500.zip
[1m[INFO][0m:    [36m-> directory context /home/APEX_CORE/.buildozer/android/platform/build-arm64-v8a/build/other_builds/sqlite3/arm64-v8a__ndk_target_21[39m
[1m[INFO][0m:    sqlite3 is already unpacked, skipping
[1m[INFO][0m:    [36m<- directory context /home/APEX_CORE/.buildozer/android/platform/python-for-android[39m
[1m[INFO][0m:    [1m[32mUnpacking python3 for arm64-v8a[0m[39m
[1m[90m[DEBUG][39m[0m:   [90m->[0m running basename https://www.python.org/ftp/python/3.11.5/Python-3.11.5.tgz[0m
[1m[90m[DEBUG][39m[0m:   	Python-3.11.5.tgz
[1m[INFO][0m:    [36m-> directory context /home/APEX_CORE/.buildozer/android/platform/build-arm64-v8a/build/other_builds/python3/arm64-v8a__ndk_target_21[39m
[1m[INFO][0m:    python3 is already unpacked, skipping
[1m[INFO][0m:    [36m<- directory context /home/APEX_CORE/.buildozer/android/platform/python-for-android[39m
[1m[INFO][0m:    [1m[32mUnpacking sdl2 for arm64-v8a[0m[39m
[1m[90m[DEBUG][39m[0m:   [90m->[0m running basename https://github.com/libsdl-org/SDL/releases/download/release-2.28.5/SDL2-2.28.5.tar.gz[0m
[1m[90m[DEBUG][39m[0m:   	SDL2-2.28.5.tar.gz
[1m[INFO][0m:    [36m-> directory context /home/APEX_CORE/.buildozer/android/platform/build-arm64-v8a/build/bootstrap_builds/sdl2/jni[39m
[1m[INFO][0m:    sdl2 is already unpacked, skipping
[1m[INFO][0m:    [36m<- directory context /home/APEX_CORE/.buildozer/android/platform/python-for-android[39m
[1m[INFO][0m:    [1m[32mUnpacking setuptools for arm64-v8a[0m[39m
[1m[90m[DEBUG][39m[0m:   [90m->[0m running basename https://pypi.python.org/packages/source/s/setuptools/setuptools-51.3.3.tar.gz[0m
[1m[90m[DEBUG][39m[0m:   	setuptools-51.3.3.tar.gz
[1m[INFO][0m:    [36m-> directory context /home/APEX_CORE/.buildozer/android/platform/build-arm64-v8a/build/other_builds/setuptools/arm64-v8a__ndk_target_21[39m
[1m[INFO][0m:    setuptools is already unpacked, skipping
[1m[INFO][0m:    [36m<- directory context /home/APEX_CORE/.buildozer/android/platform/python-for-android[39m
[1m[INFO][0m:    [1m[32mUnpacking six for arm64-v8a[0m[39m
[1m[90m[DEBUG][39m[0m:   [90m->[0m running basename https://pypi.python.org/packages/source/s/six/six-1.15.0.tar.gz[0m
[1m[90m[DEBUG][39m[0m:   	six-1.15.0.tar.gz
[1m[INFO][0m:    [36m-> directory context /home/APEX_CORE/.buildozer/android/platform/build-arm64-v8a/build/other_builds/six/arm64-v8a__ndk_target_21[39m
[1m[INFO][0m:    six is already unpacked, skipping
[1m[INFO][0m:    [36m<- directory context /home/APEX_CORE/.buildozer/android/platform/python-for-android[39m
[1m[INFO][0m:    [1m[32mUnpacking pyjnius for arm64-v8a[0m[39m
[1m[90m[DEBUG][39m[0m:   [90m->[0m running basename https://github.com/kivy/pyjnius/archive/1.6.1.zip[0m
[1m[90m[DEBUG][39m[0m:   	1.6.1.zip
[1m[INFO][0m:    [36m-> directory context /home/APEX_CORE/.buildozer/android/platform/build-arm64-v8a/build/other_builds/pyjnius-sdl2/arm64-v8a__ndk_target_21[39m
[1m[INFO][0m:    pyjnius is already unpacked, skipping
[1m[INFO][0m:    [36m<- directory context /home/APEX_CORE/.buildozer/android/platform/python-for-android[39m
[1m[90m[DEBUG][39m[0m:   Remove directory and subdirectory /home/APEX_CORE/.buildozer/android/platform/build-arm64-v8a/build/other_builds/android-sdl2/arm64-v8a__ndk_target_21/android
[1m[90m[DEBUG][39m[0m:   [90m->[0m running cp -a /home/APEX_CORE/.buildozer/android/platform/python-for-android/pythonforandroid/recipes/android/src /home/APEX_CORE/.buildozer/android/platform/build-arm64-v8a/build/other_builds/android-sdl2/arm64-v8a__ndk_target_21/android[0m
[1m[INFO][0m:    [1m[32mUnpacking kivy for arm64-v8a[0m[39m
[1m[90m[DEBUG][39m[0m:   [90m->[0m running basename https://github.com/kivy/kivy/archive/2.3.0.zip[0m
[1m[90m[DEBUG][39m[0m:   	2.3.0.zip
[1m[INFO][0m:    [36m-> directory context /home/APEX_CORE/.buildozer/android/platform/build-arm64-v8a/build/other_builds/kivy/arm64-v8a__ndk_target_21[39m
[1m[INFO][0m:    kivy is already unpacked, skipping
[1m[INFO][0m:    [36m<- directory context /home/APEX_CORE/.buildozer/android/platform/python-for-android[39m
[1m[INFO][0m:    [1m[32m# Prebuilding recipes[0m[39m
[1m[INFO][0m:    [1m[32mPrebuilding hostpython3 for arm64-v8a[0m[39m
[1m[INFO][0m:    hostpython3 has no prebuild_arm64_v8a, skipping
[1m[INFO][0m:    [1m[32mApplying patches for hostpython3[arm64-v8a][0m[39m
[1m[INFO][0m:    [1m[32mhostpython3 already patched, skipping[0m[39m
[1m[INFO][0m:    [1m[32mPrebuilding libffi for arm64-v8a[0m[39m
[1m[INFO][0m:    libffi has no prebuild_arm64_v8a, skipping
[1m[INFO][0m:    [1m[32mApplying patches for libffi[arm64-v8a][0m[39m
[1m[INFO][0m:    [1m[32mlibffi already patched, skipping[0m[39m
[1m[INFO][0m:    [1m[32mPrebuilding openssl for arm64-v8a[0m[39m
[1m[INFO][0m:    openssl has no prebuild_arm64_v8a, skipping
[1m[INFO][0m:    [1m[32mPrebuilding sdl2_image for arm64-v8a[0m[39m
[1m[INFO][0m:    sdl2_image has no prebuild_arm64_v8a, skipping
[1m[INFO][0m:    [1m[32mApplying patches for sdl2_image[arm64-v8a][0m[39m
[1m[INFO][0m:    [1m[32msdl2_image already patched, skipping[0m[39m
[1m[INFO][0m:    [1m[32mPrebuilding sdl2_mixer for arm64-v8a[0m[39m
[1m[INFO][0m:    sdl2_mixer has no prebuild_arm64_v8a, skipping
[1m[INFO][0m:    [1m[32mPrebuilding sdl2_ttf for arm64-v8a[0m[39m
[1m[INFO][0m:    sdl2_ttf has no prebuild_arm64_v8a, skipping
[1m[INFO][0m:    [1m[32mPrebuilding sqlite3 for arm64-v8a[0m[39m
[1m[INFO][0m:    sqlite3 has no prebuild_arm64_v8a, skipping
[1m[INFO][0m:    [1m[32mPrebuilding python3 for arm64-v8a[0m[39m
[1m[INFO][0m:    python3 has no prebuild_arm64_v8a, skipping
[1m[INFO][0m:    [1m[32mApplying patches for python3[arm64-v8a][0m[39m
[1m[INFO][0m:    [1m[32mpython3 already patched, skipping[0m[39m
[1m[INFO][0m:    [1m[32mPrebuilding sdl2 for arm64-v8a[0m[39m
[1m[INFO][0m:    sdl2 has no prebuild_arm64_v8a, skipping
[1m[INFO][0m:    [1m[32mPrebuilding setuptools for arm64-v8a[0m[39m
[1m[INFO][0m:    setuptools has no prebuild_arm64_v8a, skipping
[1m[INFO][0m:    [1m[32mPrebuilding six for arm64-v8a[0m[39m
[1m[INFO][0m:    six has no prebuild_arm64_v8a, skipping
[1m[INFO][0m:    [1m[32mPrebuilding pyjnius for arm64-v8a[0m[39m
[1m[INFO][0m:    pyjnius has no prebuild_arm64_v8a, skipping
[1m[INFO][0m:    [1m[32mApplying patches for pyjnius[arm64-v8a][0m[39m
[1m[INFO][0m:    [1m[32mpyjnius already patched, skipping[0m[39m
[1m[INFO][0m:    [1m[32mPrebuilding android for arm64-v8a[0m[39m
[1m[INFO][0m:    android has no prebuild_arm64_v8a, skipping
[1m[INFO][0m:    [36m-> directory context /home/APEX_CORE/.buildozer/android/platform/build-arm64-v8a/build/other_builds/android-sdl2/arm64-v8a__ndk_target_21/android[39m
[1m[INFO][0m:    [36m<- directory context /home/APEX_CORE/.buildozer/android/platform/python-for-android[39m
[1m[INFO][0m:    [1m[32mPrebuilding kivy for arm64-v8a[0m[39m
[1m[INFO][0m:    kivy has no prebuild_arm64_v8a, skipping
[1m[INFO][0m:    [1m[32mApplying patches for kivy[arm64-v8a][0m[39m
[1m[INFO][0m:    [1m[32mkivy already patched, skipping[0m[39m
[1m[INFO][0m:    [1m[32m# Building recipes[0m[39m
[1m[INFO][0m:    [1m[32mBuilding hostpython3 for arm64-v8a[0m[39m
[1m[31m[WARNING][39m[0m: pkg-config location is not supported on linux for prerequisite: openssl
[1m[INFO][0m:    [36m-> directory context /home/APEX_CORE/.buildozer/android/platform/build-arm64-v8a/build/other_builds/hostpython3/desktop/hostpython3/native-build[39m
[1m[INFO][0m:    [36m<- directory context /home/APEX_CORE/.buildozer/android/platform/python-for-android[39m
[1m[INFO][0m:    [36m-> directory context /home/APEX_CORE/.buildozer/android/platform/build-arm64-v8a/build/other_builds/hostpython3/desktop/hostpython3[39m
[1m[90m[DEBUG][39m[0m:   [90m->[0m running make -j 1 -C /home/APEX_CORE/.buildozer/android/platform/build-arm64-v8a/build/other_builds/hostpython3/desktop/hostpython3/native-build[0m
[1m[90m[DEBUG][39m[0m:   	make: Entering directory '/home/APEX_CORE/.buildozer/android/platform/build-arm64-v8a/build/other_builds/hostpython3/desktop/hostpython3/native-build'
[1m[90m[DEBUG][39m[0m:   	gcc   -DNDEBUG -g -fwrapv -O3 -Wall -O3 -fPIC -include /home/APEX_CORE/bypass_fix.h -Wno-implicit-function-declaration -Wno-error -O3 -fPIC -include /home/APEX_CORE/sovereign_shim.h -Wno-implicit-function-declaration -Wno-error  -std=c11 -Werror=implicit-function-declaration -fvisibility=hidden  -I/home/APEX_CORE/.buildozer/android/platform/build-arm64-v8a/build/other_builds/hostpython3/desktop/hostpython3/Include/internal -IObjects -IInclude -IPython -I. -I/home/APEX_CORE/.buildozer/android/platform/build-arm64-v8a/build/other_builds/hostpython3/desktop/hostpython3/Include    -DPy_BUILD_CORE_BUILTIN -c /home/APEX_CORE/.buildozer/android/platform/build-arm64-v8a/build/other_builds/hostpython3/desktop/hostpython3/Modules/pwdmodule.c -o Modules/pwdmodule.o
[1m[90m[DEBUG][39m[0m:   	In file included from <built-in>:2:
[1m[90m[DEBUG][39m[0m:   	[1m/home/APEX_CORE/sovereign_shim.h:26:20: [0m[0;1;31merror: [0m[1m
[1m[90m[DEBUG][39m[0m:   	      redefinition of 'endpwent'[0m
[1m[90m[DEBUG][39m[0m:   	   26 | [0;34mstatic[0m [0;34minline[0m [0;34mvoid[0m endpwent([0;34mvoid[0m) {}[0m
[1m[90m[DEBUG][39m[0m:   	      | [0;1;32m                   ^
[1m[90m[DEBUG][39m[0m:   	[0m[1m/usr/bin/../../usr/include/pwd.h:142:13: [0m[0;1;36mnote: [0mprevious
[1m[90m[DEBUG][39m[0m:   	      definition is here[0m
[1m[90m[DEBUG][39m[0m:   	  142 | [0;34mstatic[0m [0;34mvoid[0m endpwent([0;34mvoid[0m) { [0;33m/* Do nothing. */[0m }[0m
[1m[90m[DEBUG][39m[0m:   	      | [0;1;32m            ^
[1m[90m[DEBUG][39m[0m:   	[0m1 error generated.
[1m[90m[DEBUG][39m[0m:   	make: *** [Makefile:2769: Modules/pwdmodule.o] Error 1
[1m[90m[DEBUG][39m[0m:   	make: Leaving directory '/home/APEX_CORE/.buildozer/android/platform/build-arm64-v8a/build/other_builds/hostpython3/desktop/hostpython3/native-build'
Exception in thread background thread for pid 4607:
Traceback (most recent call last):
  File "/data/data/com.termux/files/usr/lib/python3.12/threading.py", line 1075, in _bootstrap_inner
    self.run()
  File "/data/data/com.termux/files/usr/lib/python3.12/threading.py", line 1012, in run
    self._target(*self._args, **self._kwargs)
  File "/home/.local/lib/python3.12/site-packages/sh.py", line 1641, in wrap
    fn(*rgs, **kwargs)
  File "/home/.local/lib/python3.12/site-packages/sh.py", line 2569, in background_thread
    handle_exit_code(exit_code)
  File "/home/.local/lib/python3.12/site-packages/sh.py", line 2269, in fn
    return self.command.handle_command_exit_code(exit_code)
           ^^^^^^^^^^^^^^^^^^^^^^^^^^^^^^^^^^^^^^^^^^^^^^^^
  File "/home/.local/lib/python3.12/site-packages/sh.py", line 869, in handle_command_exit_code
    raise exc
sh.ErrorReturnCode_2: 

  RAN: /data/data/com.termux/files/usr/bin/make -j 1 -C /home/APEX_CORE/.buildozer/android/platform/build-arm64-v8a/build/other_builds/hostpython3/desktop/hostpython3/native-build

  STDOUT:
make: Entering directory '/home/APEX_CORE/.buildozer/android/platform/build-arm64-v8a/build/other_builds/hostpython3/desktop/hostpython3/native-build'
gcc   -DNDEBUG -g -fwrapv -O3 -Wall -O3 -fPIC -include /home/APEX_CORE/bypass_fix.h -Wno-implicit-function-declaration -Wno-error -O3 -fPIC -include /home/APEX_CORE/sovereign_shim.h -Wno-implicit-function-declaration -Wno-error  -std=c11 -Werror=implicit-function-declaration -fvisibility=hidden  -I/home/APEX_CORE/.buildozer/android/platform/build-arm64-v8a/build/other_builds/hostpython3/desktop/hostpython3/Include/internal -IObjects -IInclude -IPython -I. -I/home/APEX_CORE/.buildozer/android/platform/build-arm64-v8a/build/other_builds/hostpython3/desktop/hostpython3/Include    -DPy_BUILD_CORE_BUILTIN -c /home/APEX_CORE/.buildozer/android/platform/build-arm64-v8a/build/other_builds/hostpython3/desktop/hostpython3/Modules/pwdmodule.c -o Modules/pwdmodule.o
In file included from <built-in>:2:
[1m/home/APEX_CORE/sovereign_shim.h:26:20: [0m[0;1;31merror: [0m[1m
      redefinition of 'endpwent'[0m
   26 | [0;34mstatic[0m [0;34minline[0m [0;34mvoid[0m endpwent([0;34mvoid[0m) {}[0m
      | [0;1;32m                   ^
[0m[1m/usr/bin/../../usr/include/pwd.h:142:13: [0m[0;1;36mnote: [0mprevious
      definition is here[0m
  142 | [0;34mstatic[0m [0;34mvoid[0m endpwent([0;34mvoid[0m) { [0;33m/* Do nothing. */[0m }[0m
      | [0;1;32m            ^
[0m1 error generated.
make: *** [Makefile:2769: Modules/pwdmodule.o] Error 1
make: Leaving directory '/home/APEX_CORE/.buildozer/android/platform/build-arm64-v8a/build/other_builds/hostpython3/desktop/hostpython3/native-build'


  STDERR:

Traceback (most recent call last):
  File "<frozen runpy>", line 198, in _run_module_as_main
  File "<frozen runpy>", line 88, in _run_code
  File "/home/APEX_CORE/.buildozer/android/platform/python-for-android/pythonforandroid/toolchain.py", line 1256, in <module>
    main()
  File "/home/APEX_CORE/.buildozer/android/platform/python-for-android/pythonforandroid/entrypoints.py", line 18, in main
    ToolchainCL()
  File "/home/APEX_CORE/.buildozer/android/platform/python-for-android/pythonforandroid/toolchain.py", line 685, in __init__
    getattr(self, command)(args)
  File "/home/APEX_CORE/.buildozer/android/platform/python-for-android/pythonforandroid/toolchain.py", line 104, in wrapper_func
    build_dist_from_args(ctx, dist, args)
  File "/home/APEX_CORE/.buildozer/android/platform/python-for-android/pythonforandroid/toolchain.py", line 163, in build_dist_from_args
    build_recipes(build_order, python_modules, ctx,
  File "/home/APEX_CORE/.buildozer/android/platform/python-for-android/pythonforandroid/build.py", line 504, in build_recipes
    recipe.build_arch(arch)
  File "/home/APEX_CORE/.buildozer/android/platform/python-for-android/pythonforandroid/recipes/hostpython3/__init__.py", line 128, in build_arch
    shprint(sh.make, '-j', str(cpu_count()), '-C', build_dir, _env=env)
  File "/home/APEX_CORE/.buildozer/android/platform/python-for-android/pythonforandroid/logger.py", line 167, in shprint
    for line in output:
                ^^^^^^
  File "/home/.local/lib/python3.12/site-packages/sh.py", line 915, in next
    self.wait()
  File "/home/.local/lib/python3.12/site-packages/sh.py", line 845, in wait
    self.handle_command_exit_code(exit_code)
  File "/home/.local/lib/python3.12/site-packages/sh.py", line 869, in handle_command_exit_code
    raise exc
sh.ErrorReturnCode_2: 

  RAN: /data/data/com.termux/files/usr/bin/make -j 1 -C /home/APEX_CORE/.buildozer/android/platform/build-arm64-v8a/build/other_builds/hostpython3/desktop/hostpython3/native-build

  STDOUT:
make: Entering directory '/home/APEX_CORE/.buildozer/android/platform/build-arm64-v8a/build/other_builds/hostpython3/desktop/hostpython3/native-build'
gcc   -DNDEBUG -g -fwrapv -O3 -Wall -O3 -fPIC -include /home/APEX_CORE/bypass_fix.h -Wno-implicit-function-declaration -Wno-error -O3 -fPIC -include /home/APEX_CORE/sovereign_shim.h -Wno-implicit-function-declaration -Wno-error  -std=c11 -Werror=implicit-function-declaration -fvisibility=hidden  -I/home/APEX_CORE/.buildozer/android/platform/build-arm64-v8a/build/other_builds/hostpython3/desktop/hostpython3/Include/internal -IObjects -IInclude -IPython -I. -I/home/APEX_CORE/.buildozer/android/platform/build-arm64-v8a/build/other_builds/hostpython3/desktop/hostpython3/Include    -DPy_BUILD_CORE_BUILTIN -c /home/APEX_CORE/.buildozer/android/platform/build-arm64-v8a/build/other_builds/hostpython3/desktop/hostpython3/Modules/pwdmodule.c -o Modules/pwdmodule.o
In file included from <built-in>:2:
[1m/home/APEX_CORE/sovereign_shim.h:26:20: [0m[0;1;31merror: [0m[1m
      redefinition of 'endpwent'[0m
   26 | [0;34mstatic[0m [0;34minline[0m [0;34mvoid[0m endpwent([0;34mvoid[0m) {}[0m
      | [0;1;32m                   ^
[0m[1m/usr/bin/../../usr/include/pwd.h:142:13: [0m[0;1;36mnote: [0mprevious
      definition is here[0m
  142 | [0;34mstatic[0m [0;34mvoid[0m endpwent([0;34mvoid[0m) { [0;33m/* Do nothing. */[0m }[0m
      | [0;1;32m            ^
[0m1 error generated.
make: *** [Makefile:2769: Modules/pwdmodule.o] Error 1
make: Leaving directory '/home/APEX_CORE/.buildozer/android/platform/build-arm64-v8a/build/other_builds/hostpython3/desktop/hostpython3/native-build'


  STDERR:

# Command failed: ['/data/data/com.termux/files/usr/bin/python3.12', '-m', 'pythonforandroid.toolchain', 'create', '--dist_name=apex600_seed', '--bootstrap=sdl2', '--requirements=python3,kivy,requests,certifi', '--arch=arm64-v8a', '--copy-libs', '--color=always', '--storage-dir=/home/APEX_CORE/.buildozer/android/platform/build-arm64-v8a', '--ndk-api=21', '--ignore-setup-py', '--debug']
# ENVIRONMENT:
#     SHELL = '/data/data/com.termux/files/usr/bin/bash'
#     COLORTERM = 'truecolor'
#     HISTCONTROL = 'ignoreboth'
#     PKG_CONFIG_ALLOW_CROSS = '1'
#     PREFIX = '/data/data/com.termux/files/usr'
#     CLANG_PATH = '/data/data/com.termux/files/home/.buildozer/android/platform/android-ndk/toolchains/llvm/prebuilt/linux-x86_64/bin'
#     PYTHONHASHSEED = '0'
#     TRFONTS = '/data/data/com.termux/files/usr/share/groff/site-font/devps'
#     JAVA_HOME = '/data/data/com.termux/files/usr/lib/jvm/java-21-openjdk/'
#     USE_CCACHE = '1'
#     DOTNET_ROOT = '/data/data/com.termux/files/usr/lib/dotnet'
#     ZLIB_INC = ('/data/data/com.termux/files/usr/include/zlib.h\n'
 '/data/data/com.termux/files/usr/include/botan-3/botan/zlib.h')
#     SHELL_CMD__RUNNER_NAME = 'terminal-session'
#     TERMUX_APP__PACKAGE_NAME = 'com.termux'
#     TERMUX_APP__IS_INSTALLED_ON_EXTERNAL_STORAGE = 'false'
#     BUILDOZER_SKIP_CHECK = '1'
#     PWD = '/home/APEX_CORE'
#     TEXMFLOCAL = '/data/data/com.termux/files/usr/share/texlive/texmf-local'
#     LOGDIR = '/data/data/com.termux/files/usr/var/log'
#     TERMUX__HOME = '/data/data/com.termux/files/home'
#     TERMUX_VERSION = '0.119.0-beta.3'
#     TERMUX_APP__SE_INFO = 'default:targetSdkVersion=28:complete'
#     APP_ANDROID_ARCH = 'arm64-v8a'
#     TERMUX__ROOTFS_DIR = '/data/data/com.termux/files'
#     SYSTEMSERVERCLASSPATH = '/system/framework/com.android.location.provider.jar:/system/framework/services.jar:/apex/com.android.adservices/javalib/service-adservices.jar:/apex/com.android.adservices/javalib/service-sdksandbox.jar:/apex/com.android.appsearch/javalib/service-appsearch.jar:/apex/com.android.art/javalib/service-art.jar:/apex/com.android.compos/javalib/service-compos.jar:/apex/com.android.configinfrastructure/javalib/service-configinfrastructure.jar:/apex/com.android.crashrecovery/javalib/service-crashrecovery.jar:/apex/com.android.healthfitness/javalib/service-healthfitness.jar:/apex/com.android.media/javalib/service-media-s.jar:/apex/com.android.ondevicepersonalization/javalib/service-ondevicepersonalization.jar:/apex/com.android.permission/javalib/service-permission.jar:/apex/com.android.rkpd/javalib/service-rkp.jar:/apex/com.android.virt/javalib/service-virtualization.jar'
#     EXTERNAL_STORAGE = '/sdcard'
#     LDFLAGS = '-Wl,--no-fatal-warnings'
#     HOME = '/home'
#     AUTOJUMP_ERROR_PATH = '/home/.local/share/autojump/errors.log'
#     LANG = 'en_US.UTF-8'
#     TERMUX_APP__PID = '3242'
#     TMUX_TMPDIR = '/data/data/com.termux/files/usr/var/run'
#     SVDIR = '/data/data/com.termux/files/usr/var/service'
#     TERMUX_APP__APP_VERSION_NAME = '0.119.0-beta.3'
#     DEX2OATBOOTCLASSPATH = '/apex/com.android.art/javalib/core-oj.jar:/apex/com.android.art/javalib/core-libart.jar:/apex/com.android.art/javalib/okhttp.jar:/apex/com.android.art/javalib/bouncycastle.jar:/apex/com.android.art/javalib/apache-xml.jar:/system/framework/framework.jar:/system/framework/framework-graphics.jar:/system/framework/framework-location.jar:/system/framework/ext.jar:/system/framework/telephony-common.jar:/system/framework/voip-common.jar:/system/framework/ims-common.jar:/system/framework/framework-ondeviceintelligence-platform.jar:/apex/com.android.i18n/javalib/core-icu4j.jar'
#     TMPDIR = '/data/data/com.termux/files/usr/tmp'
#     TEXMFROOT = '/data/data/com.termux/files/usr/share/texlive/2025'
#     LD = 'ld.lld'
#     APP_OPTIM = 'release'
#     APEX_ROOT = '/data/data/com.termux/files/home/APEX_CORE'
#     BYPASS_PATH = '/home/APEX_CORE/bypass_fix.h'
#     DOTNET_BUNDLE_EXTRACT_BASE_DIR = '/data/data/com.termux/files/home/.cache/dotnet_bundle_extract'
#     ANDROID_DATA = '/data'
#     TERMUX__APPS_DIR = '/data/user/0/com.termux/termux/apps'
#     SHELL_CMD__SHELL_ID = '0'
#     TERMUX__PREFIX = '/data/data/com.termux/files/usr'
#     TERMUX_APP__SE_FILE_CONTEXT = 'u:object_r:app_data_file:s0:c44,c257,c512,c768'
#     ANDROID_STORAGE = '/storage'
#     PYTHONPATH = '/home/.buildozer/android/platform/python-for-android/pythonforandroid:'
#     TERM = 'xterm-256color'
#     ZLIB_LIB = '/data/data/com.termux/files/usr/lib/libz.so'
#     TERMUX_APP__IS_DEBUGGABLE_BUILD = 'true'
#     TERMUX_APP__APP_VERSION_CODE = '1022'
#     ASEC_MOUNTPOINT = '/mnt/asec'
#     TERMUX_APP__LEGACY_DATA_DIR = '/data/data/com.termux'
#     AR = 'llvm-ar'
#     AUTOJUMP_SOURCED = '1'
#     ANDROID_I18N_ROOT = '/apex/com.android.i18n'
#     SHLVL = '2'
#     NM = 'llvm-nm'
#     SHELL_CMD__APP_TERMINAL_SESSION_NUMBER_SINCE_APP_START = '0'
#     ANDROID_SDK_ROOT = '/home/.buildozer/android/platform/android-sdk'
#     ANDROID__BUILD_VERSION_SDK = '36'
#     ANDROID_ROOT = '/system'
#     BOOTCLASSPATH = '/apex/com.android.art/javalib/core-oj.jar:/apex/com.android.art/javalib/core-libart.jar:/apex/com.android.art/javalib/okhttp.jar:/apex/com.android.art/javalib/bouncycastle.jar:/apex/com.android.art/javalib/apache-xml.jar:/system/framework/framework.jar:/system/framework/framework-graphics.jar:/system/framework/framework-location.jar:/system/framework/ext.jar:/system/framework/telephony-common.jar:/system/framework/voip-common.jar:/system/framework/ims-common.jar:/system/framework/framework-ondeviceintelligence-platform.jar:/apex/com.android.i18n/javalib/core-icu4j.jar:/apex/com.android.adservices/javalib/framework-adservices.jar:/apex/com.android.adservices/javalib/framework-sdksandbox.jar:/apex/com.android.appsearch/javalib/framework-appsearch.jar:/apex/com.android.bt/javalib/framework-bluetooth.jar:/apex/com.android.configinfrastructure/javalib/framework-configinfrastructure.jar:/apex/com.android.conscrypt/javalib/conscrypt.jar:/apex/com.android.crashrecovery/javalib/framework-crashrecovery.jar:/apex/com.android.devicelock/javalib/framework-devicelock.jar:/apex/com.android.healthfitness/javalib/framework-healthfitness.jar:/apex/com.android.ipsec/javalib/android.net.ipsec.ike.jar:/apex/com.android.media/javalib/updatable-media.jar:/apex/com.android.mediaprovider/javalib/framework-mediaprovider.jar:/apex/com.android.mediaprovider/javalib/framework-pdf.jar:/apex/com.android.mediaprovider/javalib/framework-pdf-v.jar:/apex/com.android.mediaprovider/javalib/framework-photopicker.jar:/apex/com.android.nfcservices/javalib/framework-nfc.jar:/apex/com.android.ondevicepersonalization/javalib/framework-ondevicepersonalization.jar:/apex/com.android.os.statsd/javalib/framework-statsd.jar:/apex/com.android.permission/javalib/framework-permission.jar:/apex/com.android.permission/javalib/framework-permission-s.jar:/apex/com.android.profiling/javalib/framework-profiling.jar:/apex/com.android.scheduling/javalib/framework-scheduling.jar:/apex/com.android.sdkext/javalib/framework-sdkextensions.jar:/apex/com.android.telephonycore/javalib/framework-telephony.jar:/apex/com.android.tethering/javalib/framework-connectivity.jar:/apex/com.android.tethering/javalib/framework-connectivity-b.jar:/apex/com.android.tethering/javalib/framework-connectivity-t.jar:/apex/com.android.tethering/javalib/framework-tethering.jar:/apex/com.android.uwb/javalib/framework-ranging.jar:/apex/com.android.uwb/javalib/framework-uwb.jar:/apex/com.android.virt/javalib/framework-virtualization.jar:/apex/com.android.wifi/javalib/framework-wifi.jar'
#     NDK_DIR = '/data/data/com.termux/files/home/.buildozer/android/platform/android-ndk'
#     ANDROID_API = '31'
#     TERMUX_APP__APK_RELEASE = 'GITHUB'
#     PS1 = '\\[\\033[01;32m\\][ROOT-APEX-V600]\\[\\033[00m\\]:\\[\\033[01;34m\\]\\w\\[\\033[00m\\]# '
#     P4A_SKIP_ZLIB_CHECK = '1'
#     ANDROID_TZDATA_ROOT = '/apex/com.android.tzdata'
#     NDK_PATH = '/data/data/com.termux/files/home/.buildozer/android/platform/android-ndk'
#     TERMUX__SE_PROCESS_CONTEXT = 'u:r:untrusted_app_27:s0:c44,c257,c512,c768'
#     ANDROID_NDK_ROOT = '/home/.buildozer/android/platform/android-ndk-r25b'
#     MAKE = 'make -j9'
#     SHELL_CMD__PACKAGE_NAME = 'com.termux'
#     PATH = '/home/.buildozer/android/platform/apache-ant-1.9.4/bin:/data/data/com.termux/files/home/bin:/data/data/com.termux/files/home/bin:/data/data/com.termux/files/home/bin:/data/data/com.termux/files/usr/bin:/data/data/com.termux/files/home/.dotnet/tools:/data/data/com.termux/files/usr/bin/texlive:/data/data/com.termux/files/usr/bin/texlive'
#     TERMUX_APP__DATA_DIR = '/data/user/0/com.termux'
#     CFLAGS = ('-O3 -fPIC -include /home/APEX_CORE/sovereign_shim.h '
 '-Wno-implicit-function-declaration -Wno-error')
#     ANDROID_ART_ROOT = '/apex/com.android.art'
#     TERMUX_APP__TARGET_SDK = '28'
#     OSFONTDIR = '/data/data/com.termux/files/usr/share/fonts/TTF'
#     TERMUX__UID = '10300'
#     TERMUX_APP__APK_FILE = '/data/app/~~zrgv_kF3wAn2xl9Cqdu-CQ==/com.termux-w3eLUHl66gCbfDJhBvUQhg==/base.apk'
#     TERMUX__USER_ID = '0'
#     ANDROID_ASSETS = '/system/app'
#     RANLIB = 'llvm-ranlib'
#     OLDPWD = '/home/APEX_CORE/.buildozer/android/platform/build-arm64-v8a/build/other_builds/hostpython3/desktop/hostpython3/Modules'
#     SHELL_CMD__APP_TERMINAL_SESSION_NUMBER_SINCE_BOOT = '6'
#     ANDROID_MINAPI = '21'
#     _ = '/data/data/com.termux/files/usr/bin/buildozer'
#     PACKAGES_PATH = '/home/.buildozer/android/packages'
#     ANDROIDSDK = '/home/.buildozer/android/platform/android-sdk'
#     ANDROIDNDK = '/home/.buildozer/android/platform/android-ndk-r25b'
#     ANDROIDAPI = '31'
#     ANDROIDMINAPI = '21'
# 
# Buildozer failed to execute the last command
# The error might be hidden in the log above this error
# Please read the full log, and search for it before
# raising an issue with buildozer itself.
# In case of a bug report, please add a full log with log_level = 2
